#
# There is insufficient memory for the Java Runtime Environment to continue.
# Native memory allocation (malloc) failed to allocate 1839696 bytes for Chunk::new
# Possible reasons:
#   The system is out of physical RAM or swap space
#   The process is running with CompressedOops enabled, and the Java Heap may be blocking the growth of the native heap
# Possible solutions:
#   Reduce memory load on the system
#   Increase physical memory or swap space
#   Check if swap backing store is full
#   Decrease Java heap size (-Xmx/-Xms)
#   Decrease number of Java threads
#   Decrease Java thread stack sizes (-Xss)
#   Set larger code cache with -XX:ReservedCodeCacheSize=
#   JVM is running with Unscaled Compressed Oops mode in which the Java heap is
#     placed in the first 4GB address space. The Java Heap base address is the
#     maximum limit for the native heap growth. Please use -XX:HeapBaseMinAddress
#     to set the Java Heap base and to place the Java Heap above 4GB virtual address.
# This output file may be truncated or incomplete.
#
#  Out of Memory Error (allocation.cpp:389), pid=17476, tid=0x0000000000003b04
#
# JRE version: Java(TM) SE Runtime Environment (8.0_221-b11) (build 1.8.0_221-b11)
# Java VM: Java HotSpot(TM) 64-Bit Server VM (25.221-b11 mixed mode windows-amd64 compressed oops)
# Failed to write core dump. Minidumps are not enabled by default on client versions of Windows
#

---------------  T H R E A D  ---------------

Current thread (0x0000000019097800):  JavaThread "C2 CompilerThread0" daemon [_thread_in_native, id=15108, stack(0x0000000019690000,0x0000000019790000)]

Stack: [0x0000000019690000,0x0000000019790000]
[error occurred during error reporting (printing stack bounds), id 0xc0000005]

Native frames: (J=compiled Java code, j=interpreted, Vv=VM code, C=native code)


Current CompileTask:
C2:  22826 4532   !   4       org.springframework.util.ClassUtils::getMostSpecificMethod (72 bytes)


---------------  P R O C E S S  ---------------

Java Threads: ( => current thread )
  0x000000001b259000 JavaThread "container-0" [_thread_blocked, id=3008, stack(0x0000000021b40000,0x0000000021c40000)]
  0x000000001b26b000 JavaThread "ContainerBackgroundProcessor[StandardEngine[Tomcat]]" daemon [_thread_blocked, id=28640, stack(0x0000000021a40000,0x0000000021b40000)]
  0x000000001a4b4800 JavaThread "RxIoScheduler-1 (Evictor)" daemon [_thread_blocked, id=23616, stack(0x0000000021740000,0x0000000021840000)]
  0x000000001ee2b800 JavaThread "SimplePauseDetectorThread_0" daemon [_thread_blocked, id=25836, stack(0x0000000021640000,0x0000000021740000)]
  0x000000001f1b5800 JavaThread "Thread-5" daemon [_thread_blocked, id=10396, stack(0x0000000021540000,0x0000000021640000)]
  0x000000001c0db800 JavaThread "spring.cloud.inetutils" daemon [_thread_blocked, id=14236, stack(0x000000001fb40000,0x000000001fc40000)]
  0x000000001a293000 JavaThread "localhost-startStop-1" daemon [_thread_blocked, id=17396, stack(0x000000001f7b0000,0x000000001f8b0000)]
  0x000000001a862000 JavaThread "Tomcat-startStop-1" daemon [_thread_blocked, id=7424, stack(0x000000001d0f0000,0x000000001d1f0000)]
  0x0000000019122800 JavaThread "Service Thread" daemon [_thread_blocked, id=7116, stack(0x0000000019990000,0x0000000019a90000)]
  0x00000000190a3000 JavaThread "C1 CompilerThread2" daemon [_thread_blocked, id=25424, stack(0x0000000019890000,0x0000000019990000)]
  0x000000001909d800 JavaThread "C2 CompilerThread1" daemon [_thread_in_native, id=3400, stack(0x0000000019790000,0x0000000019890000)]
=>0x0000000019097800 JavaThread "C2 CompilerThread0" daemon [_thread_in_native, id=15108, stack(0x0000000019690000,0x0000000019790000)]
  0x0000000017d3e800 JavaThread "Attach Listener" daemon [_thread_blocked, id=10520, stack(0x0000000019590000,0x0000000019690000)]
  0x0000000019096800 JavaThread "Signal Dispatcher" daemon [_thread_blocked, id=22080, stack(0x0000000019490000,0x0000000019590000)]
  0x0000000017ccc800 JavaThread "Finalizer" daemon [_thread_blocked, id=28216, stack(0x0000000018f30000,0x0000000019030000)]
  0x0000000017ca9000 JavaThread "Reference Handler" daemon [_thread_blocked, id=10756, stack(0x0000000018e30000,0x0000000018f30000)]
  0x0000000003066800 JavaThread "main" [_thread_in_vm, id=24068, stack(0x0000000002f60000,0x0000000003060000)]

Other Threads:
  0x0000000017ca8000 VMThread [stack: 0x0000000018d30000,0x0000000018e30000] [id=19852]
  0x0000000019166000 WatcherThread [stack: 0x0000000019a90000,0x0000000019b90000] [id=7872]

VM state:not at safepoint (normal execution)

VM Mutex/Monitor currently owned by a thread: None

heap address: 0x0000000081800000, size: 2024 MB, Compressed Oops mode: 32-bit
Narrow klass base: 0x0000000000000000, Narrow klass shift: 3
Compressed class space size: 1073741824 Address: 0x0000000100000000

Heap:
 PSYoungGen      total 138752K, used 136274K [0x00000000d5d80000, 0x00000000e2e80000, 0x0000000100000000)
  eden space 130048K, 98% used [0x00000000d5d80000,0x00000000dda1a840,0x00000000ddc80000)
  from space 8704K, 99% used [0x00000000ddc80000,0x00000000de4fa2d8,0x00000000de500000)
  to   space 13312K, 0% used [0x00000000e2180000,0x00000000e2180000,0x00000000e2e80000)
 ParOldGen       total 65536K, used 19013K [0x0000000081800000, 0x0000000085800000, 0x00000000d5d80000)
  object space 65536K, 29% used [0x0000000081800000,0x0000000082a917e0,0x0000000085800000)
 Metaspace       used 41168K, capacity 43024K, committed 43176K, reserved 1087488K
  class space    used 5386K, capacity 5724K, committed 5800K, reserved 1048576K

Card table byte_map: [0x0000000012520000,0x0000000012920000] byte_map_base: 0x0000000012114000

Marking Bits: (ParMarkBitMap*) 0x0000000069515ce0
 Begin Bits: [0x0000000012fd0000, 0x0000000014f70000)
 End Bits:   [0x0000000014f70000, 0x0000000016f10000)

Polling page: 0x0000000002bc0000

CodeCache: size=245760Kb used=15834Kb max_used=15840Kb free=229925Kb
 bounds [0x0000000003160000, 0x00000000040f0000, 0x0000000012160000]
 total_blobs=4608 nmethods=4165 adapters=355
 compilation: enabled

Compilation events (10 events):
Event: 22.785 Thread 0x00000000190a3000 4791       3       org.springframework.beans.factory.annotation.InitDestroyAnnotationBeanPostProcessor::buildLifecycleMetadata (117 bytes)
Event: 22.786 Thread 0x000000001909d800 nmethod 4757 0x00000000040d3510 code [0x00000000040d3680, 0x00000000040d3e18]
Event: 22.786 Thread 0x00000000190a3000 nmethod 4791 0x00000000040d1450 code [0x00000000040d1700, 0x00000000040d2998]
Event: 22.786 Thread 0x00000000190a3000 4792       3       java.beans.Introspector::addPropertyDescriptor (265 bytes)
Event: 22.787 Thread 0x000000001909d800 4770       4       org.springframework.core.ResolvableType::as (86 bytes)
Event: 22.790 Thread 0x00000000190a3000 nmethod 4792 0x00000000040e39d0 code [0x00000000040e3ee0, 0x00000000040e78d8]
Event: 22.814 Thread 0x00000000190a3000 4793       3       org.apache.commons.logging.LogFactory$Log4jLog::isWarnEnabled (13 bytes)
Event: 22.814 Thread 0x00000000190a3000 nmethod 4793 0x00000000033a1110 code [0x00000000033a1280, 0x00000000033a15e8]
Event: 22.815 Thread 0x00000000190a3000 4794       3       ch.qos.logback.classic.Logger::isWarnEnabled (77 bytes)
Event: 22.816 Thread 0x00000000190a3000 nmethod 4794 0x00000000040d5f90 code [0x00000000040d61e0, 0x00000000040d7198]

GC Heap History (10 events):
Event: 8.211 GC heap before
{Heap before GC invocations=7 (full 1):
 PSYoungGen      total 71680K, used 66560K [0x00000000d5d80000, 0x00000000df080000, 0x0000000100000000)
  eden space 66560K, 100% used [0x00000000d5d80000,0x00000000d9e80000,0x00000000d9e80000)
  from space 5120K, 0% used [0x00000000d9e80000,0x00000000d9e80000,0x00000000da380000)
  to   space 8704K, 0% used [0x00000000de800000,0x00000000de800000,0x00000000df080000)
 ParOldGen       total 44544K, used 5376K [0x0000000081800000, 0x0000000084380000, 0x00000000d5d80000)
  object space 44544K, 12% used [0x0000000081800000,0x0000000081d402c0,0x0000000084380000)
 Metaspace       used 25204K, capacity 26114K, committed 26416K, reserved 1073152K
  class space    used 3307K, capacity 3527K, committed 3632K, reserved 1048576K
Event: 8.216 GC heap after
Heap after GC invocations=7 (full 1):
 PSYoungGen      total 133120K, used 5230K [0x00000000d5d80000, 0x00000000ded80000, 0x0000000100000000)
  eden space 127488K, 0% used [0x00000000d5d80000,0x00000000d5d80000,0x00000000dda00000)
  from space 5632K, 92% used [0x00000000de800000,0x00000000ded1bbb8,0x00000000ded80000)
  to   space 8704K, 0% used [0x00000000ddc80000,0x00000000ddc80000,0x00000000de500000)
 ParOldGen       total 44544K, used 5384K [0x0000000081800000, 0x0000000084380000, 0x00000000d5d80000)
  object space 44544K, 12% used [0x0000000081800000,0x0000000081d422c0,0x0000000084380000)
 Metaspace       used 25204K, capacity 26114K, committed 26416K, reserved 1073152K
  class space    used 3307K, capacity 3527K, committed 3632K, reserved 1048576K
}
Event: 9.783 GC heap before
{Heap before GC invocations=8 (full 1):
 PSYoungGen      total 133120K, used 132718K [0x00000000d5d80000, 0x00000000ded80000, 0x0000000100000000)
  eden space 127488K, 100% used [0x00000000d5d80000,0x00000000dda00000,0x00000000dda00000)
  from space 5632K, 92% used [0x00000000de800000,0x00000000ded1bbb8,0x00000000ded80000)
  to   space 8704K, 0% used [0x00000000ddc80000,0x00000000ddc80000,0x00000000de500000)
 ParOldGen       total 44544K, used 5384K [0x0000000081800000, 0x0000000084380000, 0x00000000d5d80000)
  object space 44544K, 12% used [0x0000000081800000,0x0000000081d422c0,0x0000000084380000)
 Metaspace       used 29115K, capacity 30144K, committed 30256K, reserved 1075200K
  class space    used 3833K, capacity 4078K, committed 4144K, reserved 1048576K
Event: 9.798 GC heap after
Heap after GC invocations=8 (full 1):
 PSYoungGen      total 136192K, used 8690K [0x00000000d5d80000, 0x00000000ded80000, 0x0000000100000000)
  eden space 127488K, 0% used [0x00000000d5d80000,0x00000000d5d80000,0x00000000dda00000)
  from space 8704K, 99% used [0x00000000ddc80000,0x00000000de4fcb48,0x00000000de500000)
  to   space 5632K, 0% used [0x00000000de800000,0x00000000de800000,0x00000000ded80000)
 ParOldGen       total 44544K, used 7834K [0x0000000081800000, 0x0000000084380000, 0x00000000d5d80000)
  object space 44544K, 17% used [0x0000000081800000,0x0000000081fa69e0,0x0000000084380000)
 Metaspace       used 29115K, capacity 30144K, committed 30256K, reserved 1075200K
  class space    used 3833K, capacity 4078K, committed 4144K, reserved 1048576K
}
Event: 11.545 GC heap before
{Heap before GC invocations=9 (full 1):
 PSYoungGen      total 136192K, used 109481K [0x00000000d5d80000, 0x00000000ded80000, 0x0000000100000000)
  eden space 127488K, 79% used [0x00000000d5d80000,0x00000000dbfedc30,0x00000000dda00000)
  from space 8704K, 99% used [0x00000000ddc80000,0x00000000de4fcb48,0x00000000de500000)
  to   space 5632K, 0% used [0x00000000de800000,0x00000000de800000,0x00000000ded80000)
 ParOldGen       total 44544K, used 7834K [0x0000000081800000, 0x0000000084380000, 0x00000000d5d80000)
  object space 44544K, 17% used [0x0000000081800000,0x0000000081fa69e0,0x0000000084380000)
 Metaspace       used 34033K, capacity 35350K, committed 35496K, reserved 1079296K
  class space    used 4413K, capacity 4687K, committed 4776K, reserved 1048576K
Event: 11.574 GC heap after
Heap after GC invocations=9 (full 1):
 PSYoungGen      total 133120K, used 5600K [0x00000000d5d80000, 0x00000000ded80000, 0x0000000100000000)
  eden space 127488K, 0% used [0x00000000d5d80000,0x00000000d5d80000,0x00000000dda00000)
  from space 5632K, 99% used [0x00000000de800000,0x00000000ded78020,0x00000000ded80000)
  to   space 8704K, 0% used [0x00000000ddc80000,0x00000000ddc80000,0x00000000de500000)
 ParOldGen       total 44544K, used 14468K [0x0000000081800000, 0x0000000084380000, 0x00000000d5d80000)
  object space 44544K, 32% used [0x0000000081800000,0x0000000082621258,0x0000000084380000)
 Metaspace       used 34033K, capacity 35350K, committed 35496K, reserved 1079296K
  class space    used 4413K, capacity 4687K, committed 4776K, reserved 1048576K
}
Event: 11.574 GC heap before
{Heap before GC invocations=10 (full 2):
 PSYoungGen      total 133120K, used 5600K [0x00000000d5d80000, 0x00000000ded80000, 0x0000000100000000)
  eden space 127488K, 0% used [0x00000000d5d80000,0x00000000d5d80000,0x00000000dda00000)
  from space 5632K, 99% used [0x00000000de800000,0x00000000ded78020,0x00000000ded80000)
  to   space 8704K, 0% used [0x00000000ddc80000,0x00000000ddc80000,0x00000000de500000)
 ParOldGen       total 44544K, used 14468K [0x0000000081800000, 0x0000000084380000, 0x00000000d5d80000)
  object space 44544K, 32% used [0x0000000081800000,0x0000000082621258,0x0000000084380000)
 Metaspace       used 34033K, capacity 35350K, committed 35496K, reserved 1079296K
  class space    used 4413K, capacity 4687K, committed 4776K, reserved 1048576K
Event: 11.708 GC heap after
Heap after GC invocations=10 (full 2):
 PSYoungGen      total 133120K, used 0K [0x00000000d5d80000, 0x00000000ded80000, 0x0000000100000000)
  eden space 127488K, 0% used [0x00000000d5d80000,0x00000000d5d80000,0x00000000dda00000)
  from space 5632K, 0% used [0x00000000de800000,0x00000000de800000,0x00000000ded80000)
  to   space 8704K, 0% used [0x00000000ddc80000,0x00000000ddc80000,0x00000000de500000)
 ParOldGen       total 65536K, used 16915K [0x0000000081800000, 0x0000000085800000, 0x00000000d5d80000)
  object space 65536K, 25% used [0x0000000081800000,0x0000000082884e20,0x0000000085800000)
 Metaspace       used 34033K, capacity 35350K, committed 35496K, reserved 1079296K
  class space    used 4413K, capacity 4687K, committed 4776K, reserved 1048576K
}
Event: 20.877 GC heap before
{Heap before GC invocations=11 (full 2):
 PSYoungGen      total 133120K, used 127488K [0x00000000d5d80000, 0x00000000ded80000, 0x0000000100000000)
  eden space 127488K, 100% used [0x00000000d5d80000,0x00000000dda00000,0x00000000dda00000)
  from space 5632K, 0% used [0x00000000de800000,0x00000000de800000,0x00000000ded80000)
  to   space 8704K, 0% used [0x00000000ddc80000,0x00000000ddc80000,0x00000000de500000)
 ParOldGen       total 65536K, used 16915K [0x0000000081800000, 0x0000000085800000, 0x00000000d5d80000)
  object space 65536K, 25% used [0x0000000081800000,0x0000000082884e20,0x0000000085800000)
 Metaspace       used 39062K, capacity 40776K, committed 41000K, reserved 1085440K
  class space    used 5076K, capacity 5416K, committed 5416K, reserved 1048576K
Event: 20.887 GC heap after
Heap after GC invocations=11 (full 2):
 PSYoungGen      total 138752K, used 8680K [0x00000000d5d80000, 0x00000000e2e80000, 0x0000000100000000)
  eden space 130048K, 0% used [0x00000000d5d80000,0x00000000d5d80000,0x00000000ddc80000)
  from space 8704K, 99% used [0x00000000ddc80000,0x00000000de4fa2d8,0x00000000de500000)
  to   space 13312K, 0% used [0x00000000e2180000,0x00000000e2180000,0x00000000e2e80000)
 ParOldGen       total 65536K, used 19013K [0x0000000081800000, 0x0000000085800000, 0x00000000d5d80000)
  object space 65536K, 29% used [0x0000000081800000,0x0000000082a917e0,0x0000000085800000)
 Metaspace       used 39062K, capacity 40776K, committed 41000K, reserved 1085440K
  class space    used 5076K, capacity 5416K, committed 5416K, reserved 1048576K
}

Deoptimization events (10 events):
Event: 20.964 Thread 0x000000001a293000 Uncommon trap: reason=unstable_if action=reinterpret pc=0x0000000003ed2a7c method=org.springframework.beans.factory.support.AbstractBeanFactory.isTypeMatch(Ljava/lang/String;Lorg/springframework/core/ResolvableType;)Z @ 471
Event: 21.018 Thread 0x000000001a293000 Uncommon trap: reason=bimorphic action=maybe_recompile pc=0x0000000003eca5ec method=org.aspectj.weaver.World.resolve(Lorg/aspectj/weaver/ResolvedType;)Lorg/aspectj/weaver/ResolvedType; @ 36
Event: 21.226 Thread 0x000000001a293000 Uncommon trap: reason=range_check action=make_not_entrant pc=0x0000000003304de8 method=java.lang.String.charAt(I)C @ 27
Event: 21.458 Thread 0x000000001a293000 Uncommon trap: reason=unstable_if action=reinterpret pc=0x0000000003c50e0c method=org.springframework.boot.context.properties.source.ConfigurationPropertyName.cleanupCharSequence(Ljava/lang/CharSequence;Lorg/springframework/boot/context/properties/source/
Event: 21.639 Thread 0x000000001a293000 Uncommon trap: reason=class_check action=maybe_recompile pc=0x0000000003f9c6d8 method=org.springframework.core.annotation.AnnotatedElementUtils.searchWithGetSemanticsInAnnotations(Ljava/lang/reflect/AnnotatedElement;Ljava/util/List;Ljava/lang/Class;Ljava/
Event: 21.762 Thread 0x000000001a293000 Uncommon trap: reason=unstable_if action=reinterpret pc=0x00000000039e095c method=java.util.LinkedHashMap.afterNodeInsertion(Z)V @ 18
Event: 22.398 Thread 0x000000001a293000 Uncommon trap: reason=class_check action=maybe_recompile pc=0x0000000003f9c6d8 method=org.springframework.core.annotation.AnnotatedElementUtils.searchWithGetSemanticsInAnnotations(Ljava/lang/reflect/AnnotatedElement;Ljava/util/List;Ljava/lang/Class;Ljava/
Event: 22.398 Thread 0x000000001a293000 Uncommon trap: reason=class_check action=maybe_recompile pc=0x0000000003f9c6d8 method=org.springframework.core.annotation.AnnotatedElementUtils.searchWithGetSemanticsInAnnotations(Ljava/lang/reflect/AnnotatedElement;Ljava/util/List;Ljava/lang/Class;Ljava/
Event: 22.751 Thread 0x0000000003066800 Uncommon trap: reason=bimorphic action=maybe_recompile pc=0x000000000396b88c method=java.util.Hashtable.get(Ljava/lang/Object;)Ljava/lang/Object; @ 6
Event: 22.751 Thread 0x0000000003066800 Uncommon trap: reason=bimorphic action=maybe_recompile pc=0x000000000396b88c method=java.util.Hashtable.get(Ljava/lang/Object;)Ljava/lang/Object; @ 6

Classes redefined (0 events):
No events

Internal exceptions (10 events):
Event: 22.786 Thread 0x0000000003066800 Exception <a 'java/lang/ClassNotFoundException': com.shopping.zuul.config.RouteConfiguration$$Lambda$430/1198515856Customizer> (0x00000000dd7070d0) thrown at [C:\re\workspace\8-2-build-windows-amd64-cygwin\jdk8u221\13320\hotspot\src\share\vm\prims\jni.cpp
Event: 22.788 Thread 0x0000000003066800 Exception <a 'java/lang/ClassNotFoundException': org/springframework/web/server/WebFilterCustomizer> (0x00000000dd729358) thrown at [C:\re\workspace\8-2-build-windows-amd64-cygwin\jdk8u221\13320\hotspot\src\share\vm\classfile\systemDictionary.cpp, line 21
Event: 22.799 Thread 0x0000000003066800 Exception <a 'java/lang/ClassNotFoundException': java/lang/ObjectCustomizer> (0x00000000dd782108) thrown at [C:\re\workspace\8-2-build-windows-amd64-cygwin\jdk8u221\13320\hotspot\src\share\vm\classfile\systemDictionary.cpp, line 210]
Event: 22.800 Thread 0x0000000003066800 Exception <a 'java/lang/ClassNotFoundException': org/springframework/cloud/netflix/zuul/ZuulProxyMarkerConfigurationCustomizer> (0x00000000dd7b05d0) thrown at [C:\re\workspace\8-2-build-windows-amd64-cygwin\jdk8u221\13320\hotspot\src\share\vm\classfile\sy
Event: 22.801 Thread 0x0000000003066800 Exception <a 'java/lang/ClassNotFoundException': org/springframework/cloud/netflix/zuul/ZuulProxyMarkerConfiguration$$EnhancerBySpringCGLIB$$8464b4eaCustomizer> (0x00000000dd7ea878) thrown at [C:\re\workspace\8-2-build-windows-amd64-cygwin\jdk8u221\13320\
Event: 22.804 Thread 0x0000000003066800 Exception <a 'java/lang/ClassNotFoundException': org/springframework/context/annotation/ConfigurationClassEnhancer$EnhancedConfigurationCustomizer> (0x00000000dd824378) thrown at [C:\re\workspace\8-2-build-windows-amd64-cygwin\jdk8u221\13320\hotspot\src\s
Event: 22.811 Thread 0x0000000003066800 Exception <a 'java/lang/ClassNotFoundException': java/lang/ObjectCustomizer> (0x00000000dd88a128) thrown at [C:\re\workspace\8-2-build-windows-amd64-cygwin\jdk8u221\13320\hotspot\src\share\vm\classfile\systemDictionary.cpp, line 210]
Event: 22.811 Thread 0x0000000003066800 Exception <a 'java/lang/ClassNotFoundException': org/springframework/cloud/netflix/zuul/ZuulProxyMarkerConfiguration$MarkerCustomizer> (0x00000000dd8bb3a0) thrown at [C:\re\workspace\8-2-build-windows-amd64-cygwin\jdk8u221\13320\hotspot\src\share\vm\class
Event: 22.812 Thread 0x0000000003066800 Exception <a 'java/lang/ClassNotFoundException': java/lang/ObjectCustomizer> (0x00000000dd8cc7c0) thrown at [C:\re\workspace\8-2-build-windows-amd64-cygwin\jdk8u221\13320\hotspot\src\share\vm\classfile\systemDictionary.cpp, line 210]
Event: 22.813 Thread 0x0000000003066800 Exception <a 'java/lang/ClassNotFoundException': org/springframework/boot/autoconfigure/AutoConfigurationPackages$BasePackagesCustomizer> (0x00000000dd8fecc8) thrown at [C:\re\workspace\8-2-build-windows-amd64-cygwin\jdk8u221\13320\hotspot\src\share\vm\cl

Events (10 events):
Event: 22.819 loading class com/google/common/collect/ImmutableMap$1
Event: 22.819 loading class com/google/common/collect/ImmutableMap$1 done
Event: 22.820 loading class com/google/common/collect/ImmutableSet
Event: 22.820 loading class com/google/common/collect/ImmutableSet done
Event: 22.821 loading class com/google/common/collect/ImmutableMapKeySet
Event: 22.821 loading class com/google/common/collect/ImmutableMapKeySet done
Event: 22.821 loading class com/google/common/collect/ImmutableSet$Indexed
Event: 22.821 loading class com/google/common/collect/ImmutableSet$Indexed done
Event: 22.822 loading class com/google/common/collect/ImmutableMap$MapViewOfValuesAsSingletonSets
Event: 22.822 loading class com/google/common/collect/ImmutableMap$MapViewOfValuesAsSingletonSets done


Dynamic libraries:
0x00007ff7c1e20000 - 0x00007ff7c1e57000 	C:\Program Files\Java\jre1.8.0_221\bin\javaw.exe
0x00007ffdad560000 - 0x00007ffdad750000 	C:\WINDOWS\SYSTEM32\ntdll.dll
0x00007ffdad130000 - 0x00007ffdad1e2000 	C:\WINDOWS\System32\KERNEL32.DLL
0x00007ffdaab50000 - 0x00007ffdaadf3000 	C:\WINDOWS\System32\KERNELBASE.dll
0x00007ffdad1f0000 - 0x00007ffdad293000 	C:\WINDOWS\System32\ADVAPI32.dll
0x00007ffdab610000 - 0x00007ffdab6ae000 	C:\WINDOWS\System32\msvcrt.dll
0x00007ffdad320000 - 0x00007ffdad3b7000 	C:\WINDOWS\System32\sechost.dll
0x00007ffdad400000 - 0x00007ffdad520000 	C:\WINDOWS\System32\RPCRT4.dll
0x00007ffdac0c0000 - 0x00007ffdac254000 	C:\WINDOWS\System32\USER32.dll
0x00007ffdaae00000 - 0x00007ffdaae21000 	C:\WINDOWS\System32\win32u.dll
0x00007ffdad3d0000 - 0x00007ffdad3f6000 	C:\WINDOWS\System32\GDI32.dll
0x00007ffdaa900000 - 0x00007ffdaaa94000 	C:\WINDOWS\System32\gdi32full.dll
0x00007ffdaa710000 - 0x00007ffdaa7ae000 	C:\WINDOWS\System32\msvcp_win.dll
0x00007ffdaa7b0000 - 0x00007ffdaa8aa000 	C:\WINDOWS\System32\ucrtbase.dll
0x00007ffd99350000 - 0x00007ffd995d5000 	C:\WINDOWS\WinSxS\amd64_microsoft.windows.common-controls_6595b64144ccf1df_6.0.18362.476_none_e6c4b11b130f2595\COMCTL32.dll
0x00007ffdacce0000 - 0x00007ffdad016000 	C:\WINDOWS\System32\combase.dll
0x00007ffdaa4f0000 - 0x00007ffdaa570000 	C:\WINDOWS\System32\bcryptPrimitives.dll
0x00007ffdab760000 - 0x00007ffdab78e000 	C:\WINDOWS\System32\IMM32.DLL
0x0000000068b30000 - 0x0000000068c02000 	C:\Program Files\Java\jre1.8.0_221\bin\msvcr100.dll
0x0000000068cf0000 - 0x0000000069595000 	C:\Program Files\Java\jre1.8.0_221\bin\server\jvm.dll
0x00007ffdabcd0000 - 0x00007ffdabcd8000 	C:\WINDOWS\System32\PSAPI.DLL
0x00007ffd950f0000 - 0x00007ffd950fa000 	C:\WINDOWS\SYSTEM32\VERSION.dll
0x00007ffda8350000 - 0x00007ffda8374000 	C:\WINDOWS\SYSTEM32\WINMM.dll
0x00007ffda8230000 - 0x00007ffda825d000 	C:\WINDOWS\SYSTEM32\winmmbase.dll
0x00007ffdaa6c0000 - 0x00007ffdaa70a000 	C:\WINDOWS\System32\cfgmgr32.dll
0x00007ffda9020000 - 0x00007ffda9029000 	C:\WINDOWS\SYSTEM32\WSOCK32.dll
0x0000000002b30000 - 0x0000000002b9f000 	C:\WINDOWS\System32\ws2_32.DLL
0x00007ffd9f910000 - 0x00007ffd9f91f000 	C:\Program Files\Java\jre1.8.0_221\bin\verify.dll
0x00007ffd9a700000 - 0x00007ffd9a729000 	C:\Program Files\Java\jre1.8.0_221\bin\java.dll
0x00007ffd9f600000 - 0x00007ffd9f616000 	C:\Program Files\Java\jre1.8.0_221\bin\zip.dll
0x00007ffdac490000 - 0x00007ffdacb75000 	C:\WINDOWS\System32\SHELL32.dll
0x00007ffdad020000 - 0x00007ffdad0c9000 	C:\WINDOWS\System32\shcore.dll
0x00007ffdaae90000 - 0x00007ffdab60e000 	C:\WINDOWS\System32\windows.storage.dll
0x00007ffdaa4d0000 - 0x00007ffdaa4ef000 	C:\WINDOWS\System32\profapi.dll
0x00007ffdaa460000 - 0x00007ffdaa4aa000 	C:\WINDOWS\System32\powrprof.dll
0x00007ffdaa430000 - 0x00007ffdaa440000 	C:\WINDOWS\System32\UMPDC.dll
0x00007ffdabc70000 - 0x00007ffdabcc2000 	C:\WINDOWS\System32\shlwapi.dll
0x00007ffdaa4b0000 - 0x00007ffdaa4c1000 	C:\WINDOWS\System32\kernel.appcore.dll
0x00007ffdaa8e0000 - 0x00007ffdaa8f7000 	C:\WINDOWS\System32\cryptsp.dll
0x00007ffd9bbb0000 - 0x00007ffd9bbca000 	C:\Program Files\Java\jre1.8.0_221\bin\net.dll
0x00007ffd9f3b0000 - 0x00007ffd9f586000 	C:\WINDOWS\SYSTEM32\urlmon.dll
0x00007ffd9ef10000 - 0x00007ffd9f1b6000 	C:\WINDOWS\SYSTEM32\iertutil.dll
0x00007ffda9e10000 - 0x00007ffda9e1c000 	C:\WINDOWS\SYSTEM32\CRYPTBASE.DLL
0x00007ffda9c40000 - 0x00007ffda9ca7000 	C:\WINDOWS\system32\mswsock.dll
0x00007ffda9950000 - 0x00007ffda998a000 	C:\WINDOWS\SYSTEM32\IPHLPAPI.DLL
0x00007ffdad3c0000 - 0x00007ffdad3c8000 	C:\WINDOWS\System32\NSI.dll
0x00007ffda1810000 - 0x00007ffda1826000 	C:\WINDOWS\SYSTEM32\dhcpcsvc6.DLL
0x00007ffda3080000 - 0x00007ffda309c000 	C:\WINDOWS\SYSTEM32\dhcpcsvc.DLL
0x00007ffda9990000 - 0x00007ffda9a5a000 	C:\WINDOWS\SYSTEM32\DNSAPI.dll
0x00007ffda1830000 - 0x00007ffda183d000 	C:\Program Files\Java\jre1.8.0_221\bin\management.dll
0x00007ffd9b530000 - 0x00007ffd9b542000 	C:\Program Files\Java\jre1.8.0_221\bin\nio.dll
0x00007ffd9c890000 - 0x00007ffd9c89a000 	C:\Windows\System32\rasadhlp.dll
0x00007ffda14f0000 - 0x00007ffda1567000 	C:\WINDOWS\System32\fwpuclnt.dll
0x00007ffdaa8b0000 - 0x00007ffdaa8d6000 	C:\WINDOWS\System32\bcrypt.dll
0x00007ffd99230000 - 0x00007ffd99246000 	C:\WINDOWS\system32\napinsp.dll
0x00007ffd99200000 - 0x00007ffd9921a000 	C:\WINDOWS\system32\pnrpnsp.dll
0x00007ffd991f0000 - 0x00007ffd991fe000 	C:\WINDOWS\System32\winrnr.dll
0x00007ffda5be0000 - 0x00007ffda5bfc000 	C:\WINDOWS\system32\NLAapi.dll
0x00007ffd991d0000 - 0x00007ffd991e5000 	C:\WINDOWS\system32\wshbth.dll
0x00007ffda97b0000 - 0x00007ffda97e3000 	C:\WINDOWS\system32\rsaenh.dll
0x00007ffdaa320000 - 0x00007ffdaa345000 	C:\WINDOWS\SYSTEM32\USERENV.dll

VM Arguments:
jvm_args: -Dfile.encoding=UTF-8 
java_command: com.shopping.zuul.ZuulServer
java_class_path (initial): C:\Program Files\Java\jre1.8.0_221\lib\resources.jar;C:\Program Files\Java\jre1.8.0_221\lib\rt.jar;C:\Program Files\Java\jre1.8.0_221\lib\jsse.jar;C:\Program Files\Java\jre1.8.0_221\lib\jce.jar;C:\Program Files\Java\jre1.8.0_221\lib\charsets.jar;C:\Program Files\Java\jre1.8.0_221\lib\jfr.jar;C:\Program Files\Java\jre1.8.0_221\lib\ext\access-bridge-64.jar;C:\Program Files\Java\jre1.8.0_221\lib\ext\cldrdata.jar;C:\Program Files\Java\jre1.8.0_221\lib\ext\dnsns.jar;C:\Program Files\Java\jre1.8.0_221\lib\ext\jaccess.jar;C:\Program Files\Java\jre1.8.0_221\lib\ext\jfxrt.jar;C:\Program Files\Java\jre1.8.0_221\lib\ext\localedata.jar;C:\Program Files\Java\jre1.8.0_221\lib\ext\nashorn.jar;C:\Program Files\Java\jre1.8.0_221\lib\ext\sunec.jar;C:\Program Files\Java\jre1.8.0_221\lib\ext\sunjce_provider.jar;C:\Program Files\Java\jre1.8.0_221\lib\ext\sunmscapi.jar;C:\Program Files\Java\jre1.8.0_221\lib\ext\sunpkcs11.jar;C:\Program Files\Java\jre1.8.0_221\lib\ext\zipfs.jar;F:\project1\shopping-project2\shopping-project-zuul\target\classes;E:\maevn\org\springframework\cloud\spring-cloud-starter-netflix-zuul\2.0.4.RELEASE\spring-cloud-starter-netflix-zuul-2.0.4.RELEASE.jar;E:\maevn\org\springframework\cloud\spring-cloud-netflix-zuul\2.0.4.RELEASE\spring-cloud-netflix-zuul-2.0.4.RELEASE.jar;E:\maevn\org\apache\httpcomponents\httpclient\4.5.6\httpclient-4.5.6.jar;E:\maevn\org\apache\httpcomponents\httpcore\4.4.10\httpcore-4.4.10.jar;E:\maevn\commons-codec\commons-codec\1.11\commons-codec-1.11.jar;E:\maevn\com\netflix\netflix-commons\netflix-commons-util\0.3.0\netflix-commons-util-0.3.0.jar;E:\maevn\javax\inject\javax.inject\1\javax.inject-1.jar;E:\maevn\org\springframework\cloud\spring-cloud-starter\2.0.4.RELEASE\spring-cloud-starter-2.0.4.RELEASE.jar;E:\maevn\org\springframework\boot\spring-boot-starter\2.0.5.RELEASE\spring-boot-starter-2.0.5.RELEASE.jar;E:\maevn\org\springframework\boot\spring-boot\2.0.5.RELEASE\spring-boot-2.0.5.RELEASE.jar;E:\maevn\org\sp
Launcher Type: SUN_STANDARD

Environment Variables:
JAVA_HOME=C:\Program Files\Java\jdk1.8.0_60
PATH=C:/Program Files/Java/jre1.8.0_221/bin/server;C:/Program Files/Java/jre1.8.0_221/bin;C:/Program Files/Java/jre1.8.0_221/lib/amd64;C:\Program Files (x86)\Common Files\Oracle\Java\javapath;C:\ProgramData\Oracle\Java\javapath;C:\WINDOWS\system32;C:\WINDOWS;C:\WINDOWS\System32\Wbem;C:\WINDOWS\System32\WindowsPowerShell\v1.0\;C:\WINDOWS\System32\OpenSSH\;C:\Program Files (x86)\MySQL\MySQL Server 5.5\bin;C:\Program Files\Java\jdk1.8.0_60\bin;E:\mvean2\apache-maven-3.6.2\bin;C:\Users\吉俊海\AppData\Local\Microsoft\WindowsApps;;C:\eclipse;
USERNAME=吉俊海
OS=Windows_NT
PROCESSOR_IDENTIFIER=Intel64 Family 6 Model 61 Stepping 4, GenuineIntel



---------------  S Y S T E M  ---------------

OS: Windows 10.0 , 64 bit Build 18362 (10.0.18362.329)

CPU:total 4 (initial active 4) (2 cores per cpu, 2 threads per core) family 6 model 61 stepping 4, cmov, cx8, fxsr, mmx, sse, sse2, sse3, ssse3, sse4.1, sse4.2, popcnt, avx, avx2, aes, clmul, erms, 3dnowpref, lzcnt, ht, tsc, tscinvbit, bmi1, bmi2, adx

Memory: 4k page, physical 8289112k(986348k free), swap 21028512k(5496k free)

vm_info: Java HotSpot(TM) 64-Bit Server VM (25.221-b11) for windows-amd64 JRE (1.8.0_221-b11), built on Jul  4 2019 04:39:29 by "java_re" with MS VC++ 10.0 (VS2010)

time: Wed Dec 25 14:29:02 2019
timezone: 中国标准时间
elapsed time: 22 seconds (0d 0h 0m 22s)

