#
# There is insufficient memory for the Java Runtime Environment to continue.
# Native memory allocation (malloc) failed to allocate 32744 bytes for ChunkPool::allocate
# Possible reasons:
#   The system is out of physical RAM or swap space
#   The process is running with CompressedOops enabled, and the Java Heap may be blocking the growth of the native heap
# Possible solutions:
#   Reduce memory load on the system
#   Increase physical memory or swap space
#   Check if swap backing store is full
#   Decrease Java heap size (-Xmx/-Xms)
#   Decrease number of Java threads
#   Decrease Java thread stack sizes (-Xss)
#   Set larger code cache with -XX:ReservedCodeCacheSize=
#   JVM is running with Unscaled Compressed Oops mode in which the Java heap is
#     placed in the first 4GB address space. The Java Heap base address is the
#     maximum limit for the native heap growth. Please use -XX:HeapBaseMinAddress
#     to set the Java Heap base and to place the Java Heap above 4GB virtual address.
# This output file may be truncated or incomplete.
#
#  Out of Memory Error (allocation.cpp:272), pid=19884, tid=0x00000000000060ac
#
# JRE version: Java(TM) SE Runtime Environment (8.0_221-b11) (build 1.8.0_221-b11)
# Java VM: Java HotSpot(TM) 64-Bit Server VM (25.221-b11 mixed mode windows-amd64 compressed oops)
# Failed to write core dump. Minidumps are not enabled by default on client versions of Windows
#

---------------  T H R E A D  ---------------

Current thread (0x0000000018c09000):  JavaThread "C2 CompilerThread1" daemon [_thread_in_native, id=24748, stack(0x0000000019300000,0x0000000019400000)]

Stack: [0x0000000019300000,0x0000000019400000]
[error occurred during error reporting (printing stack bounds), id 0xc0000005]

Native frames: (J=compiled Java code, j=interpreted, Vv=VM code, C=native code)


Current CompileTask:
C2:   5541 2048       4       java.net.URLClassLoader$1::run (5 bytes)


---------------  P R O C E S S  ---------------

Java Threads: ( => current thread )
  0x0000000018c92000 JavaThread "Service Thread" daemon [_thread_blocked, id=17580, stack(0x0000000019500000,0x0000000019600000)]
  0x0000000018c18800 JavaThread "C1 CompilerThread2" daemon [_thread_blocked, id=7460, stack(0x0000000019400000,0x0000000019500000)]
=>0x0000000018c09000 JavaThread "C2 CompilerThread1" daemon [_thread_in_native, id=24748, stack(0x0000000019300000,0x0000000019400000)]
  0x0000000018c07000 JavaThread "C2 CompilerThread0" daemon [_thread_in_native, id=27088, stack(0x0000000019200000,0x0000000019300000)]
  0x0000000018c05800 JavaThread "Attach Listener" daemon [_thread_blocked, id=18716, stack(0x0000000019100000,0x0000000019200000)]
  0x000000001790e000 JavaThread "Signal Dispatcher" daemon [_thread_blocked, id=16956, stack(0x0000000019000000,0x0000000019100000)]
  0x00000000178a0000 JavaThread "Finalizer" daemon [_thread_blocked, id=27944, stack(0x0000000018b00000,0x0000000018c00000)]
  0x0000000002d57000 JavaThread "Reference Handler" daemon [_thread_blocked, id=23696, stack(0x0000000018a00000,0x0000000018b00000)]
  0x0000000002c66800 JavaThread "main" [_thread_in_native, id=12152, stack(0x0000000002b60000,0x0000000002c60000)]

Other Threads:
  0x0000000017878000 VMThread [stack: 0x0000000018900000,0x0000000018a00000] [id=10960]
  0x0000000018ce9800 WatcherThread [stack: 0x0000000019600000,0x0000000019700000] [id=1996]

VM state:not at safepoint (normal execution)

VM Mutex/Monitor currently owned by a thread: None

heap address: 0x0000000081800000, size: 2024 MB, Compressed Oops mode: 32-bit
Narrow klass base: 0x0000000000000000, Narrow klass shift: 3
Compressed class space size: 1073741824 Address: 0x0000000100000000

Heap:
 PSYoungGen      total 71680K, used 55093K [0x00000000d5d80000, 0x00000000da880000, 0x0000000100000000)
  eden space 66560K, 82% used [0x00000000d5d80000,0x00000000d934d628,0x00000000d9e80000)
  from space 5120K, 0% used [0x00000000da380000,0x00000000da380000,0x00000000da880000)
  to   space 5120K, 0% used [0x00000000d9e80000,0x00000000d9e80000,0x00000000da380000)
 ParOldGen       total 58368K, used 7381K [0x0000000081800000, 0x0000000085100000, 0x00000000d5d80000)
  object space 58368K, 12% used [0x0000000081800000,0x0000000081f35570,0x0000000085100000)
 Metaspace       used 23920K, capacity 24776K, committed 24832K, reserved 1071104K
  class space    used 3118K, capacity 3324K, committed 3328K, reserved 1048576K

Card table byte_map: [0x0000000012120000,0x0000000012520000] byte_map_base: 0x0000000011d14000

Marking Bits: (ParMarkBitMap*) 0x0000000069515ce0
 Begin Bits: [0x0000000012bd0000, 0x0000000014b70000)
 End Bits:   [0x0000000014b70000, 0x0000000016b10000)

Polling page: 0x0000000000fe0000

CodeCache: size=245760Kb used=7427Kb max_used=7427Kb free=238332Kb
 bounds [0x0000000002d60000, 0x00000000034b0000, 0x0000000011d60000]
 total_blobs=2570 nmethods=2190 adapters=292
 compilation: enabled

Compilation events (10 events):
Event: 5.398 Thread 0x0000000018c18800 2192       3       java.util.stream.MatchOps$MatchOp::<init> (20 bytes)
Event: 5.398 Thread 0x0000000018c18800 nmethod 2192 0x00000000034a1550 code [0x00000000034a16a0, 0x00000000034a1890]
Event: 5.399 Thread 0x0000000018c18800 2193       3       java.util.stream.MatchOps$MatchOp::getOpFlags (8 bytes)
Event: 5.399 Thread 0x0000000018c18800 nmethod 2193 0x00000000034a1950 code [0x00000000034a1aa0, 0x00000000034a1bf0]
Event: 5.399 Thread 0x0000000018c18800 2194       3       java.util.stream.MatchOps$MatchOp::evaluateSequential (7 bytes)
Event: 5.400 Thread 0x0000000018c18800 nmethod 2194 0x00000000034a1c50 code [0x00000000034a1e00, 0x00000000034a2518]
Event: 5.400 Thread 0x0000000018c18800 2195       3       java.util.stream.MatchOps$MatchOp::evaluateSequential (27 bytes)
Event: 5.400 Thread 0x0000000018c18800 nmethod 2195 0x00000000034a2750 code [0x00000000034a2900, 0x00000000034a2f38]
Event: 5.400 Thread 0x0000000018c18800 2196       3       java.util.stream.MatchOps$BooleanTerminalSink::<init> (21 bytes)
Event: 5.400 Thread 0x0000000018c18800 nmethod 2196 0x00000000034a30d0 code [0x00000000034a3240, 0x00000000034a3470]

GC Heap History (10 events):
Event: 1.217 GC heap before
{Heap before GC invocations=1 (full 0):
 PSYoungGen      total 38400K, used 33280K [0x00000000d5d80000, 0x00000000d8800000, 0x0000000100000000)
  eden space 33280K, 100% used [0x00000000d5d80000,0x00000000d7e00000,0x00000000d7e00000)
  from space 5120K, 0% used [0x00000000d8300000,0x00000000d8300000,0x00000000d8800000)
  to   space 5120K, 0% used [0x00000000d7e00000,0x00000000d7e00000,0x00000000d8300000)
 ParOldGen       total 87552K, used 0K [0x0000000081800000, 0x0000000086d80000, 0x00000000d5d80000)
  object space 87552K, 0% used [0x0000000081800000,0x0000000081800018,0x0000000086d80000)
 Metaspace       used 9246K, capacity 9500K, committed 9728K, reserved 1058816K
  class space    used 1110K, capacity 1184K, committed 1280K, reserved 1048576K
Event: 1.224 GC heap after
Heap after GC invocations=1 (full 0):
 PSYoungGen      total 38400K, used 5118K [0x00000000d5d80000, 0x00000000d8800000, 0x0000000100000000)
  eden space 33280K, 0% used [0x00000000d5d80000,0x00000000d5d80000,0x00000000d7e00000)
  from space 5120K, 99% used [0x00000000d7e00000,0x00000000d82ff9a0,0x00000000d8300000)
  to   space 5120K, 0% used [0x00000000d8300000,0x00000000d8300000,0x00000000d8800000)
 ParOldGen       total 87552K, used 8K [0x0000000081800000, 0x0000000086d80000, 0x00000000d5d80000)
  object space 87552K, 0% used [0x0000000081800000,0x0000000081802018,0x0000000086d80000)
 Metaspace       used 9246K, capacity 9500K, committed 9728K, reserved 1058816K
  class space    used 1110K, capacity 1184K, committed 1280K, reserved 1048576K
}
Event: 1.681 GC heap before
{Heap before GC invocations=2 (full 0):
 PSYoungGen      total 38400K, used 38398K [0x00000000d5d80000, 0x00000000d8800000, 0x0000000100000000)
  eden space 33280K, 100% used [0x00000000d5d80000,0x00000000d7e00000,0x00000000d7e00000)
  from space 5120K, 99% used [0x00000000d7e00000,0x00000000d82ff9a0,0x00000000d8300000)
  to   space 5120K, 0% used [0x00000000d8300000,0x00000000d8300000,0x00000000d8800000)
 ParOldGen       total 87552K, used 14K [0x0000000081800000, 0x0000000086d80000, 0x00000000d5d80000)
  object space 87552K, 0% used [0x0000000081800000,0x0000000081803ac0,0x0000000086d80000)
 Metaspace       used 12612K, capacity 12942K, committed 13056K, reserved 1060864K
  class space    used 1621K, capacity 1719K, committed 1792K, reserved 1048576K
Event: 1.690 GC heap after
Heap after GC invocations=2 (full 0):
 PSYoungGen      total 38400K, used 5103K [0x00000000d5d80000, 0x00000000da880000, 0x0000000100000000)
  eden space 33280K, 0% used [0x00000000d5d80000,0x00000000d5d80000,0x00000000d7e00000)
  from space 5120K, 99% used [0x00000000d8300000,0x00000000d87fbe38,0x00000000d8800000)
  to   space 5120K, 0% used [0x00000000d7e00000,0x00000000d7e00000,0x00000000d8300000)
 ParOldGen       total 87552K, used 596K [0x0000000081800000, 0x0000000086d80000, 0x00000000d5d80000)
  object space 87552K, 0% used [0x0000000081800000,0x0000000081895370,0x0000000086d80000)
 Metaspace       used 12612K, capacity 12942K, committed 13056K, reserved 1060864K
  class space    used 1621K, capacity 1719K, committed 1792K, reserved 1048576K
}
Event: 2.158 GC heap before
{Heap before GC invocations=3 (full 0):
 PSYoungGen      total 38400K, used 38383K [0x00000000d5d80000, 0x00000000da880000, 0x0000000100000000)
  eden space 33280K, 100% used [0x00000000d5d80000,0x00000000d7e00000,0x00000000d7e00000)
  from space 5120K, 99% used [0x00000000d8300000,0x00000000d87fbe38,0x00000000d8800000)
  to   space 5120K, 0% used [0x00000000d7e00000,0x00000000d7e00000,0x00000000d8300000)
 ParOldGen       total 87552K, used 596K [0x0000000081800000, 0x0000000086d80000, 0x00000000d5d80000)
  object space 87552K, 0% used [0x0000000081800000,0x0000000081895370,0x0000000086d80000)
 Metaspace       used 15990K, capacity 16432K, committed 16512K, reserved 1062912K
  class space    used 2012K, capacity 2154K, committed 2176K, reserved 1048576K
Event: 2.168 GC heap after
Heap after GC invocations=3 (full 0):
 PSYoungGen      total 38400K, used 5114K [0x00000000d5d80000, 0x00000000da880000, 0x0000000100000000)
  eden space 33280K, 0% used [0x00000000d5d80000,0x00000000d5d80000,0x00000000d7e00000)
  from space 5120K, 99% used [0x00000000d7e00000,0x00000000d82feb58,0x00000000d8300000)
  to   space 5120K, 0% used [0x00000000da380000,0x00000000da380000,0x00000000da880000)
 ParOldGen       total 87552K, used 2795K [0x0000000081800000, 0x0000000086d80000, 0x00000000d5d80000)
  object space 87552K, 3% used [0x0000000081800000,0x0000000081abad10,0x0000000086d80000)
 Metaspace       used 15990K, capacity 16432K, committed 16512K, reserved 1062912K
  class space    used 2012K, capacity 2154K, committed 2176K, reserved 1048576K
}
Event: 4.455 GC heap before
{Heap before GC invocations=4 (full 0):
 PSYoungGen      total 38400K, used 38019K [0x00000000d5d80000, 0x00000000da880000, 0x0000000100000000)
  eden space 33280K, 98% used [0x00000000d5d80000,0x00000000d7da20e8,0x00000000d7e00000)
  from space 5120K, 99% used [0x00000000d7e00000,0x00000000d82feb58,0x00000000d8300000)
  to   space 5120K, 0% used [0x00000000da380000,0x00000000da380000,0x00000000da880000)
 ParOldGen       total 87552K, used 2795K [0x0000000081800000, 0x0000000086d80000, 0x00000000d5d80000)
  object space 87552K, 3% used [0x0000000081800000,0x0000000081abad10,0x0000000086d80000)
 Metaspace       used 20549K, capacity 21132K, committed 21296K, reserved 1067008K
  class space    used 2665K, capacity 2832K, committed 2944K, reserved 1048576K
Event: 4.465 GC heap after
Heap after GC invocations=4 (full 0):
 PSYoungGen      total 71680K, used 5096K [0x00000000d5d80000, 0x00000000da880000, 0x0000000100000000)
  eden space 66560K, 0% used [0x00000000d5d80000,0x00000000d5d80000,0x00000000d9e80000)
  from space 5120K, 99% used [0x00000000da380000,0x00000000da87a020,0x00000000da880000)
  to   space 5120K, 0% used [0x00000000d9e80000,0x00000000d9e80000,0x00000000da380000)
 ParOldGen       total 87552K, used 5213K [0x0000000081800000, 0x0000000086d80000, 0x00000000d5d80000)
  object space 87552K, 5% used [0x0000000081800000,0x0000000081d17500,0x0000000086d80000)
 Metaspace       used 20549K, capacity 21132K, committed 21296K, reserved 1067008K
  class space    used 2665K, capacity 2832K, committed 2944K, reserved 1048576K
}
Event: 4.465 GC heap before
{Heap before GC invocations=5 (full 1):
 PSYoungGen      total 71680K, used 5096K [0x00000000d5d80000, 0x00000000da880000, 0x0000000100000000)
  eden space 66560K, 0% used [0x00000000d5d80000,0x00000000d5d80000,0x00000000d9e80000)
  from space 5120K, 99% used [0x00000000da380000,0x00000000da87a020,0x00000000da880000)
  to   space 5120K, 0% used [0x00000000d9e80000,0x00000000d9e80000,0x00000000da380000)
 ParOldGen       total 87552K, used 5213K [0x0000000081800000, 0x0000000086d80000, 0x00000000d5d80000)
  object space 87552K, 5% used [0x0000000081800000,0x0000000081d17500,0x0000000086d80000)
 Metaspace       used 20549K, capacity 21132K, committed 21296K, reserved 1067008K
  class space    used 2665K, capacity 2832K, committed 2944K, reserved 1048576K
Event: 4.503 GC heap after
Heap after GC invocations=5 (full 1):
 PSYoungGen      total 71680K, used 0K [0x00000000d5d80000, 0x00000000da880000, 0x0000000100000000)
  eden space 66560K, 0% used [0x00000000d5d80000,0x00000000d5d80000,0x00000000d9e80000)
  from space 5120K, 0% used [0x00000000da380000,0x00000000da380000,0x00000000da880000)
  to   space 5120K, 0% used [0x00000000d9e80000,0x00000000d9e80000,0x00000000da380000)
 ParOldGen       total 58368K, used 7381K [0x0000000081800000, 0x0000000085100000, 0x00000000d5d80000)
  object space 58368K, 12% used [0x0000000081800000,0x0000000081f35570,0x0000000085100000)
 Metaspace       used 20549K, capacity 21132K, committed 21296K, reserved 1067008K
  class space    used 2665K, capacity 2832K, committed 2944K, reserved 1048576K
}

Deoptimization events (10 events):
Event: 2.690 Thread 0x000000001a90a800 Uncommon trap: reason=unstable_if action=reinterpret pc=0x000000000323eb10 method=com.sun.org.apache.xerces.internal.impl.XMLEntityScanner.scanLiteral(ILcom/sun/org/apache/xerces/internal/xni/XMLString;Z)I @ 44
Event: 2.769 Thread 0x000000001a90a800 Uncommon trap: reason=class_check action=maybe_recompile pc=0x00000000030c424c method=java.util.HashMap.putVal(ILjava/lang/Object;Ljava/lang/Object;ZZ)Ljava/lang/Object; @ 203
Event: 2.769 Thread 0x000000001a90a800 Uncommon trap: reason=class_check action=maybe_recompile pc=0x00000000030bb7dc method=java.util.HashMap.putVal(ILjava/lang/Object;Ljava/lang/Object;ZZ)Ljava/lang/Object; @ 203
Event: 4.187 Thread 0x0000000002c66800 Uncommon trap: reason=unstable_if action=reinterpret pc=0x0000000002f891a4 method=java.io.WinNTFileSystem.isLetter(C)Z @ 15
Event: 4.446 Thread 0x0000000002c66800 Uncommon trap: reason=unstable_if action=reinterpret pc=0x00000000032e6c90 method=java.util.jar.JarFile.maybeInstantiateVerifier()V @ 21
Event: 4.612 Thread 0x0000000002c66800 Uncommon trap: reason=unstable_if action=reinterpret pc=0x00000000030371f4 method=java.util.HashMap.hash(Ljava/lang/Object;)I @ 1
Event: 4.973 Thread 0x0000000002c66800 Uncommon trap: reason=unstable_if action=reinterpret pc=0x000000000313b5c0 method=java.util.concurrent.ConcurrentHashMap.putVal(Ljava/lang/Object;Ljava/lang/Object;Z)Ljava/lang/Object; @ 206
Event: 5.234 Thread 0x0000000002c66800 Uncommon trap: reason=unstable_if action=reinterpret pc=0x00000000033bb414 method=java.lang.reflect.Method.equals(Ljava/lang/Object;)Z @ 1
Event: 5.246 Thread 0x0000000002c66800 Uncommon trap: reason=unstable_if action=reinterpret pc=0x000000000331e458 method=org.springframework.boot.context.properties.source.ConfigurationPropertyName.elementEquals(Ljava/lang/CharSequence;Ljava/lang/CharSequence;)Z @ 213
Event: 5.378 Thread 0x0000000002c66800 Uncommon trap: reason=unstable_if action=reinterpret pc=0x00000000030c4b14 method=org.springframework.util.ConcurrentReferenceHashMap$Segment.clear()V @ 4

Classes redefined (0 events):
No events

Internal exceptions (10 events):
Event: 5.259 Thread 0x0000000002c66800 Exception <a 'java/lang/ClassNotFoundException': java/lang/ObjectCustomizer> (0x00000000d8e73e10) thrown at [C:\re\workspace\8-2-build-windows-amd64-cygwin\jdk8u221\13320\hotspot\src\share\vm\classfile\systemDictionary.cpp, line 210]
Event: 5.262 Thread 0x0000000002c66800 Exception <a 'java/lang/ClassNotFoundException': org/springframework/cloud/bootstrap/config/PropertySourceBootstrapPropertiesCustomizer> (0x00000000d8ea59e0) thrown at [C:\re\workspace\8-2-build-windows-amd64-cygwin\jdk8u221\13320\hotspot\src\share\vm\cla
Event: 5.277 Thread 0x0000000002c66800 Exception <a 'java/lang/ClassNotFoundException': java/lang/ObjectCustomizer> (0x00000000d8f1e368) thrown at [C:\re\workspace\8-2-build-windows-amd64-cygwin\jdk8u221\13320\hotspot\src\share\vm\classfile\systemDictionary.cpp, line 210]
Event: 5.278 Thread 0x0000000002c66800 Exception <a 'java/lang/ClassNotFoundException': org/springframework/cloud/bootstrap/encrypt/EnvironmentDecryptApplicationInitializerCustomizer> (0x00000000d8f53628) thrown at [C:\re\workspace\8-2-build-windows-amd64-cygwin\jdk8u221\13320\hotspot\src\shar
Event: 5.280 Thread 0x0000000002c66800 Exception <a 'java/lang/ClassNotFoundException': org/springframework/context/ApplicationContextInitializerCustomizer> (0x00000000d8f847b8) thrown at [C:\re\workspace\8-2-build-windows-amd64-cygwin\jdk8u221\13320\hotspot\src\share\vm\classfile\systemDictio
Event: 5.282 Thread 0x0000000002c66800 Exception <a 'java/lang/ClassNotFoundException': org/springframework/core/OrderedCustomizer> (0x00000000d8f9fd30) thrown at [C:\re\workspace\8-2-build-windows-amd64-cygwin\jdk8u221\13320\hotspot\src\share\vm\classfile\systemDictionary.cpp, line 210]
Event: 5.291 Thread 0x0000000002c66800 Exception <a 'java/lang/ClassNotFoundException': java/lang/ObjectCustomizer> (0x00000000d9012a70) thrown at [C:\re\workspace\8-2-build-windows-amd64-cygwin\jdk8u221\13320\hotspot\src\share\vm\classfile\systemDictionary.cpp, line 210]
Event: 5.294 Thread 0x0000000002c66800 Exception <a 'java/lang/ClassNotFoundException': org/springframework/cloud/context/properties/ConfigurationPropertiesRebinderCustomizer> (0x00000000d90446e0) thrown at [C:\re\workspace\8-2-build-windows-amd64-cygwin\jdk8u221\13320\hotspot\src\share\vm\cla
Event: 5.297 Thread 0x0000000002c66800 Exception <a 'java/lang/ClassNotFoundException': org/springframework/context/ApplicationContextAwareCustomizer> (0x00000000d9076940) thrown at [C:\re\workspace\8-2-build-windows-amd64-cygwin\jdk8u221\13320\hotspot\src\share\vm\classfile\systemDictionary.c
Event: 5.298 Thread 0x0000000002c66800 Exception <a 'java/lang/ClassNotFoundException': org/springframework/context/ApplicationListenerCustomizer> (0x00000000d9099968) thrown at [C:\re\workspace\8-2-build-windows-amd64-cygwin\jdk8u221\13320\hotspot\src\share\vm\classfile\systemDictionary.cpp, 

Events (10 events):
Event: 5.387 loading class org/springframework/util/ConcurrentReferenceHashMap$EntryIterator
Event: 5.387 loading class org/springframework/util/ConcurrentReferenceHashMap$EntryIterator done
Event: 5.387 loading class org/springframework/util/StopWatch$TaskInfo
Event: 5.387 loading class org/springframework/util/StopWatch$TaskInfo done
Event: 5.391 loading class org/springframework/cloud/bootstrap/BootstrapApplicationListener$AncestorInitializer
Event: 5.391 loading class org/springframework/cloud/bootstrap/BootstrapApplicationListener$AncestorInitializer done
Event: 5.393 loading class org/springframework/boot/env/OriginTrackedMapPropertySource
Event: 5.393 loading class org/springframework/boot/env/OriginTrackedMapPropertySource done
Event: 5.394 loading class org/springframework/cloud/bootstrap/BootstrapApplicationListener$DelegatingEnvironmentDecryptApplicationInitializer
Event: 5.394 loading class org/springframework/cloud/bootstrap/BootstrapApplicationListener$DelegatingEnvironmentDecryptApplicationInitializer done


Dynamic libraries:
0x00007ff7c1e20000 - 0x00007ff7c1e57000 	C:\Program Files\Java\jre1.8.0_221\bin\javaw.exe
0x00007ffdad560000 - 0x00007ffdad750000 	C:\WINDOWS\SYSTEM32\ntdll.dll
0x00007ffdad130000 - 0x00007ffdad1e2000 	C:\WINDOWS\System32\KERNEL32.DLL
0x00007ffdaab50000 - 0x00007ffdaadf3000 	C:\WINDOWS\System32\KERNELBASE.dll
0x00007ffdad1f0000 - 0x00007ffdad293000 	C:\WINDOWS\System32\ADVAPI32.dll
0x00007ffdab610000 - 0x00007ffdab6ae000 	C:\WINDOWS\System32\msvcrt.dll
0x00007ffdad320000 - 0x00007ffdad3b7000 	C:\WINDOWS\System32\sechost.dll
0x00007ffdad400000 - 0x00007ffdad520000 	C:\WINDOWS\System32\RPCRT4.dll
0x00007ffdac0c0000 - 0x00007ffdac254000 	C:\WINDOWS\System32\USER32.dll
0x00007ffdaae00000 - 0x00007ffdaae21000 	C:\WINDOWS\System32\win32u.dll
0x00007ffdad3d0000 - 0x00007ffdad3f6000 	C:\WINDOWS\System32\GDI32.dll
0x00007ffdaa900000 - 0x00007ffdaaa94000 	C:\WINDOWS\System32\gdi32full.dll
0x00007ffdaa710000 - 0x00007ffdaa7ae000 	C:\WINDOWS\System32\msvcp_win.dll
0x00007ffdaa7b0000 - 0x00007ffdaa8aa000 	C:\WINDOWS\System32\ucrtbase.dll
0x00007ffd99350000 - 0x00007ffd995d5000 	C:\WINDOWS\WinSxS\amd64_microsoft.windows.common-controls_6595b64144ccf1df_6.0.18362.476_none_e6c4b11b130f2595\COMCTL32.dll
0x00007ffdacce0000 - 0x00007ffdad016000 	C:\WINDOWS\System32\combase.dll
0x00007ffdaa4f0000 - 0x00007ffdaa570000 	C:\WINDOWS\System32\bcryptPrimitives.dll
0x00007ffdab760000 - 0x00007ffdab78e000 	C:\WINDOWS\System32\IMM32.DLL
0x0000000068b30000 - 0x0000000068c02000 	C:\Program Files\Java\jre1.8.0_221\bin\msvcr100.dll
0x0000000068cf0000 - 0x0000000069595000 	C:\Program Files\Java\jre1.8.0_221\bin\server\jvm.dll
0x00007ffdabcd0000 - 0x00007ffdabcd8000 	C:\WINDOWS\System32\PSAPI.DLL
0x00007ffda9020000 - 0x00007ffda9029000 	C:\WINDOWS\SYSTEM32\WSOCK32.dll
0x00007ffdabc00000 - 0x00007ffdabc6f000 	C:\WINDOWS\System32\WS2_32.dll
0x00007ffda8350000 - 0x00007ffda8374000 	C:\WINDOWS\SYSTEM32\WINMM.dll
0x00007ffd950f0000 - 0x00007ffd950fa000 	C:\WINDOWS\SYSTEM32\VERSION.dll
0x00007ffda8230000 - 0x00007ffda825d000 	C:\WINDOWS\SYSTEM32\WINMMBASE.dll
0x00007ffdaa6c0000 - 0x00007ffdaa70a000 	C:\WINDOWS\System32\cfgmgr32.dll
0x00007ffd9f910000 - 0x00007ffd9f91f000 	C:\Program Files\Java\jre1.8.0_221\bin\verify.dll
0x00007ffd9a700000 - 0x00007ffd9a729000 	C:\Program Files\Java\jre1.8.0_221\bin\java.dll
0x00007ffd9f600000 - 0x00007ffd9f616000 	C:\Program Files\Java\jre1.8.0_221\bin\zip.dll
0x00007ffdac490000 - 0x00007ffdacb75000 	C:\WINDOWS\System32\SHELL32.dll
0x00007ffdad020000 - 0x00007ffdad0c9000 	C:\WINDOWS\System32\shcore.dll
0x00007ffdaae90000 - 0x00007ffdab60e000 	C:\WINDOWS\System32\windows.storage.dll
0x00007ffdaa4d0000 - 0x00007ffdaa4ef000 	C:\WINDOWS\System32\profapi.dll
0x00007ffdaa460000 - 0x00007ffdaa4aa000 	C:\WINDOWS\System32\powrprof.dll
0x00007ffdaa430000 - 0x00007ffdaa440000 	C:\WINDOWS\System32\UMPDC.dll
0x00007ffdabc70000 - 0x00007ffdabcc2000 	C:\WINDOWS\System32\shlwapi.dll
0x00007ffdaa4b0000 - 0x00007ffdaa4c1000 	C:\WINDOWS\System32\kernel.appcore.dll
0x00007ffdaa8e0000 - 0x00007ffdaa8f7000 	C:\WINDOWS\System32\cryptsp.dll
0x00007ffd9bbb0000 - 0x00007ffd9bbca000 	C:\Program Files\Java\jre1.8.0_221\bin\net.dll
0x00007ffd9f3b0000 - 0x00007ffd9f586000 	C:\WINDOWS\SYSTEM32\urlmon.dll
0x00007ffd9ef10000 - 0x00007ffd9f1b6000 	C:\WINDOWS\SYSTEM32\iertutil.dll
0x00007ffda9e10000 - 0x00007ffda9e1c000 	C:\WINDOWS\SYSTEM32\CRYPTBASE.DLL
0x00007ffda9c40000 - 0x00007ffda9ca7000 	C:\WINDOWS\system32\mswsock.dll
0x00007ffda9950000 - 0x00007ffda998a000 	C:\WINDOWS\SYSTEM32\IPHLPAPI.DLL
0x00007ffdad3c0000 - 0x00007ffdad3c8000 	C:\WINDOWS\System32\NSI.dll
0x00007ffda1810000 - 0x00007ffda1826000 	C:\WINDOWS\SYSTEM32\dhcpcsvc6.DLL
0x00007ffda3080000 - 0x00007ffda309c000 	C:\WINDOWS\SYSTEM32\dhcpcsvc.DLL
0x00007ffda9990000 - 0x00007ffda9a5a000 	C:\WINDOWS\SYSTEM32\DNSAPI.dll
0x00007ffda1830000 - 0x00007ffda183d000 	C:\Program Files\Java\jre1.8.0_221\bin\management.dll
0x00007ffd9b530000 - 0x00007ffd9b542000 	C:\Program Files\Java\jre1.8.0_221\bin\nio.dll
0x00007ffd9c890000 - 0x00007ffd9c89a000 	C:\Windows\System32\rasadhlp.dll
0x00007ffda14f0000 - 0x00007ffda1567000 	C:\WINDOWS\System32\fwpuclnt.dll
0x00007ffdaa8b0000 - 0x00007ffdaa8d6000 	C:\WINDOWS\System32\bcrypt.dll
0x00007ffd99230000 - 0x00007ffd99246000 	C:\WINDOWS\system32\napinsp.dll
0x00007ffd99200000 - 0x00007ffd9921a000 	C:\WINDOWS\system32\pnrpnsp.dll
0x00007ffd991f0000 - 0x00007ffd991fe000 	C:\WINDOWS\System32\winrnr.dll
0x00007ffda5be0000 - 0x00007ffda5bfc000 	C:\WINDOWS\system32\NLAapi.dll
0x00007ffd991d0000 - 0x00007ffd991e5000 	C:\WINDOWS\system32\wshbth.dll

VM Arguments:
jvm_args: -Dfile.encoding=UTF-8 
java_command: com.shopping.zuul.ZuulServer
java_class_path (initial): C:\Program Files\Java\jre1.8.0_221\lib\resources.jar;C:\Program Files\Java\jre1.8.0_221\lib\rt.jar;C:\Program Files\Java\jre1.8.0_221\lib\jsse.jar;C:\Program Files\Java\jre1.8.0_221\lib\jce.jar;C:\Program Files\Java\jre1.8.0_221\lib\charsets.jar;C:\Program Files\Java\jre1.8.0_221\lib\jfr.jar;C:\Program Files\Java\jre1.8.0_221\lib\ext\access-bridge-64.jar;C:\Program Files\Java\jre1.8.0_221\lib\ext\cldrdata.jar;C:\Program Files\Java\jre1.8.0_221\lib\ext\dnsns.jar;C:\Program Files\Java\jre1.8.0_221\lib\ext\jaccess.jar;C:\Program Files\Java\jre1.8.0_221\lib\ext\jfxrt.jar;C:\Program Files\Java\jre1.8.0_221\lib\ext\localedata.jar;C:\Program Files\Java\jre1.8.0_221\lib\ext\nashorn.jar;C:\Program Files\Java\jre1.8.0_221\lib\ext\sunec.jar;C:\Program Files\Java\jre1.8.0_221\lib\ext\sunjce_provider.jar;C:\Program Files\Java\jre1.8.0_221\lib\ext\sunmscapi.jar;C:\Program Files\Java\jre1.8.0_221\lib\ext\sunpkcs11.jar;C:\Program Files\Java\jre1.8.0_221\lib\ext\zipfs.jar;F:\project1\shopping-project2\shopping-project-zuul\target\classes;E:\maevn\org\springframework\cloud\spring-cloud-starter-netflix-zuul\2.0.4.RELEASE\spring-cloud-starter-netflix-zuul-2.0.4.RELEASE.jar;E:\maevn\org\springframework\cloud\spring-cloud-netflix-zuul\2.0.4.RELEASE\spring-cloud-netflix-zuul-2.0.4.RELEASE.jar;E:\maevn\org\apache\httpcomponents\httpclient\4.5.6\httpclient-4.5.6.jar;E:\maevn\org\apache\httpcomponents\httpcore\4.4.10\httpcore-4.4.10.jar;E:\maevn\commons-codec\commons-codec\1.11\commons-codec-1.11.jar;E:\maevn\com\netflix\netflix-commons\netflix-commons-util\0.3.0\netflix-commons-util-0.3.0.jar;E:\maevn\javax\inject\javax.inject\1\javax.inject-1.jar;E:\maevn\org\springframework\cloud\spring-cloud-starter\2.0.4.RELEASE\spring-cloud-starter-2.0.4.RELEASE.jar;E:\maevn\org\springframework\boot\spring-boot-starter\2.0.5.RELEASE\spring-boot-starter-2.0.5.RELEASE.jar;E:\maevn\org\springframework\boot\spring-boot\2.0.5.RELEASE\spring-boot-2.0.5.RELEASE.jar;E:\maevn\org\sp
Launcher Type: SUN_STANDARD

Environment Variables:
JAVA_HOME=C:\Program Files\Java\jdk1.8.0_60
PATH=C:/Program Files/Java/jre1.8.0_221/bin/server;C:/Program Files/Java/jre1.8.0_221/bin;C:/Program Files/Java/jre1.8.0_221/lib/amd64;C:\Program Files (x86)\Common Files\Oracle\Java\javapath;C:\ProgramData\Oracle\Java\javapath;C:\WINDOWS\system32;C:\WINDOWS;C:\WINDOWS\System32\Wbem;C:\WINDOWS\System32\WindowsPowerShell\v1.0\;C:\WINDOWS\System32\OpenSSH\;C:\Program Files (x86)\MySQL\MySQL Server 5.5\bin;C:\Program Files\Java\jdk1.8.0_60\bin;E:\mvean2\apache-maven-3.6.2\bin;C:\Users\吉俊海\AppData\Local\Microsoft\WindowsApps;;C:\eclipse;
USERNAME=吉俊海
OS=Windows_NT
PROCESSOR_IDENTIFIER=Intel64 Family 6 Model 61 Stepping 4, GenuineIntel



---------------  S Y S T E M  ---------------

OS: Windows 10.0 , 64 bit Build 18362 (10.0.18362.329)

CPU:total 4 (initial active 4) (2 cores per cpu, 2 threads per core) family 6 model 61 stepping 4, cmov, cx8, fxsr, mmx, sse, sse2, sse3, ssse3, sse4.1, sse4.2, popcnt, avx, avx2, aes, clmul, erms, 3dnowpref, lzcnt, ht, tsc, tscinvbit, bmi1, bmi2, adx

Memory: 4k page, physical 8289112k(1036800k free), swap 21028512k(3988k free)

vm_info: Java HotSpot(TM) 64-Bit Server VM (25.221-b11) for windows-amd64 JRE (1.8.0_221-b11), built on Jul  4 2019 04:39:29 by "java_re" with MS VC++ 10.0 (VS2010)

time: Wed Dec 25 14:32:03 2019
timezone: 中国标准时间
elapsed time: 5 seconds (0d 0h 0m 5s)

